# JRE version: Java(TM) SE Runtime Environment (8.0_73-b02) (build 1.8.0_73-b02)
# Java VM: Java HotSpot(TM) Client VM (25.73-b02 mixed mode, sharing windows-x86 )
Heap:
 def new generation   total 4992K, used 2549K [0x03a00000, 0x03f60000, 0x08f50000)
  eden space 4480K,  54% used [0x03a00000, 0x03c5e520, 0x03e60000)
  from space 512K,  24% used [0x03ee0000, 0x03eff2b8, 0x03f60000)
  to   space 512K,   0% used [0x03e60000, 0x03e60000, 0x03ee0000)
 tenured generation   total 10944K, used 9964K [0x08f50000, 0x09a00000, 0x13a00000)
   the space 10944K,  91% used [0x08f50000, 0x0990b248, 0x0990b400, 0x09a00000)
 Metaspace       used 1624K, capacity 2664K, committed 2752K, reserved 4480K
GC Heap History (10 events):
Event: 144424.331 GC heap before
{Heap before GC invocations=8027 (full 26):
 def new generation   total 4992K, used 4604K [0x03a00000, 0x03f60000, 0x08f50000)
  eden space 4480K, 100% used [0x03a00000, 0x03e60000, 0x03e60000)
  from space 512K,  24% used [0x03e60000, 0x03e7f048, 0x03ee0000)
  to   space 512K,   0% used [0x03ee0000, 0x03ee0000, 0x03f60000)
 tenured generation   total 10944K, used 9964K [0x08f50000, 0x09a00000, 0x13a00000)
   the space 10944K,  91% used [0x08f50000, 0x0990b248, 0x0990b400, 0x09a00000)
 Metaspace       used 1624K, capacity 2664K, committed 2752K, reserved 4480K
Event: 144424.333 GC heap after
Heap after GC invocations=8028 (full 26):
 def new generation   total 4992K, used 127K [0x03a00000, 0x03f60000, 0x08f50000)
  eden space 4480K,   0% used [0x03a00000, 0x03a00000, 0x03e60000)
  from space 512K,  24% used [0x03ee0000, 0x03effe08, 0x03f60000)
  to   space 512K,   0% used [0x03e60000, 0x03e60000, 0x03ee0000)
 tenured generation   total 10944K, used 9964K [0x08f50000, 0x09a00000, 0x13a00000)
   the space 10944K,  91% used [0x08f50000, 0x0990b248, 0x0990b400, 0x09a00000)
 Metaspace       used 1624K, capacity 2664K, committed 2752K, reserved 4480K
}
Event: 144428.659 GC heap before
{Heap before GC invocations=8028 (full 26):
 def new generation   total 4992K, used 4607K [0x03a00000, 0x03f60000, 0x08f50000)
  eden space 4480K, 100% used [0x03a00000, 0x03e60000, 0x03e60000)
  from space 512K,  24% used [0x03ee0000, 0x03effe08, 0x03f60000)
  to   space 512K,   0% used [0x03e60000, 0x03e60000, 0x03ee0000)
 tenured generation   total 10944K, used 9964K [0x08f50000, 0x09a00000, 0x13a00000)
   the space 10944K,  91% used [0x08f50000, 0x0990b248, 0x0990b400, 0x09a00000)
 Metaspace       used 1624K, capacity 2664K, committed 2752K, reserved 4480K
Event: 144428.661 GC heap after
Heap after GC invocations=8029 (full 26):
 def new generation   total 4992K, used 121K [0x03a00000, 0x03f60000, 0x08f50000)
  eden space 4480K,   0% used [0x03a00000, 0x03a00000, 0x03e60000)
  from space 512K,  23% used [0x03e60000, 0x03e7e6a8, 0x03ee0000)
  to   space 512K,   0% used [0x03ee0000, 0x03ee0000, 0x03f60000)
 tenured generation   total 10944K, used 9964K [0x08f50000, 0x09a00000, 0x13a00000)
   the space 10944K,  91% used [0x08f50000, 0x0990b248, 0x0990b400, 0x09a00000)
 Metaspace       used 1624K, capacity 2664K, committed 2752K, reserved 4480K
}
Event: 144432.959 GC heap before
{Heap before GC invocations=8029 (full 26):
 def new generation   total 4992K, used 4601K [0x03a00000, 0x03f60000, 0x08f50000)
  eden space 4480K, 100% used [0x03a00000, 0x03e60000, 0x03e60000)
  from space 512K,  23% used [0x03e60000, 0x03e7e6a8, 0x03ee0000)
  to   space 512K,   0% used [0x03ee0000, 0x03ee0000, 0x03f60000)
 tenured generation   total 10944K, used 9964K [0x08f50000, 0x09a00000, 0x13a00000)
   the space 10944K,  91% used [0x08f50000, 0x0990b248, 0x0990b400, 0x09a00000)
 Metaspace       used 1624K, capacity 2664K, committed 2752K, reserved 4480K
Event: 144432.961 GC heap after
Heap after GC invocations=8030 (full 26):
 def new generation   total 4992K, used 123K [0x03a00000, 0x03f60000, 0x08f50000)
  eden space 4480K,   0% used [0x03a00000, 0x03a00000, 0x03e60000)
  from space 512K,  24% used [0x03ee0000, 0x03efefb0, 0x03f60000)
  to   space 512K,   0% used [0x03e60000, 0x03e60000, 0x03ee0000)
 tenured generation   total 10944K, used 9964K [0x08f50000, 0x09a00000, 0x13a00000)
   the space 10944K,  91% used [0x08f50000, 0x0990b248, 0x0990b400, 0x09a00000)
 Metaspace       used 1624K, capacity 2664K, committed 2752K, reserved 4480K
}
Event: 144437.326 GC heap before
{Heap before GC invocations=8030 (full 26):
 def new generation   total 4992K, used 4603K [0x03a00000, 0x03f60000, 0x08f50000)
  eden space 4480K, 100% used [0x03a00000, 0x03e60000, 0x03e60000)
  from space 512K,  24% used [0x03ee0000, 0x03efefb0, 0x03f60000)
  to   space 512K,   0% used [0x03e60000, 0x03e60000, 0x03ee0000)
 tenured generation   total 10944K, used 9964K [0x08f50000, 0x09a00000, 0x13a00000)
   the space 10944K,  91% used [0x08f50000, 0x0990b248, 0x0990b400, 0x09a00000)
 Metaspace       used 1624K, capacity 2664K, committed 2752K, reserved 4480K
Event: 144437.328 GC heap after
Heap after GC invocations=8031 (full 26):
 def new generation   total 4992K, used 124K [0x03a00000, 0x03f60000, 0x08f50000)
  eden space 4480K,   0% used [0x03a00000, 0x03a00000, 0x03e60000)
  from space 512K,  24% used [0x03e60000, 0x03e7f2b0, 0x03ee0000)
  to   space 512K,   0% used [0x03ee0000, 0x03ee0000, 0x03f60000)
 tenured generation   total 10944K, used 9964K [0x08f50000, 0x09a00000, 0x13a00000)
   the space 10944K,  91% used [0x08f50000, 0x0990b248, 0x0990b400, 0x09a00000)
 Metaspace       used 1624K, capacity 2664K, committed 2752K, reserved 4480K
}
Event: 144441.711 GC heap before
{Heap before GC invocations=8031 (full 26):
 def new generation   total 4992K, used 4604K [0x03a00000, 0x03f60000, 0x08f50000)
  eden space 4480K, 100% used [0x03a00000, 0x03e60000, 0x03e60000)
  from space 512K,  24% used [0x03e60000, 0x03e7f2b0, 0x03ee0000)
  to   space 512K,   0% used [0x03ee0000, 0x03ee0000, 0x03f60000)
 tenured generation   total 10944K, used 9964K [0x08f50000, 0x09a00000, 0x13a00000)
   the space 10944K,  91% used [0x08f50000, 0x0990b248, 0x0990b400, 0x09a00000)
 Metaspace       used 1624K, capacity 2664K, committed 2752K, reserved 4480K
Event: 144441.713 GC heap after
Heap after GC invocations=8032 (full 26):
 def new generation   total 4992K, used 124K [0x03a00000, 0x03f60000, 0x08f50000)
  eden space 4480K,   0% used [0x03a00000, 0x03a00000, 0x03e60000)
  from space 512K,  24% used [0x03ee0000, 0x03eff2b8, 0x03f60000)
  to   space 512K,   0% used [0x03e60000, 0x03e60000, 0x03ee0000)
 tenured generation   total 10944K, used 9964K [0x08f50000, 0x09a00000, 0x13a00000)
   the space 10944K,  91% used [0x08f50000, 0x0990b248, 0x0990b400, 0x09a00000)
 Metaspace       used 1624K, capacity 2664K, committed 2752K, reserved 4480K
}

