# JRE version: Java(TM) SE Runtime Environment (8.0_73-b02) (build 1.8.0_73-b02)
# Java VM: Java HotSpot(TM) Client VM (25.73-b02 mixed mode, sharing windows-x86 )
Heap:
 def new generation   total 4992K, used 3518K [0x03c00000, 0x04160000, 0x09150000)
  eden space 4480K,  76% used [0x03c00000, 0x03f56f18, 0x04060000)
  from space 512K,  19% used [0x040e0000, 0x040f8c40, 0x04160000)
  to   space 512K,   0% used [0x04060000, 0x04060000, 0x040e0000)
 tenured generation   total 10944K, used 8810K [0x09150000, 0x09c00000, 0x13c00000)
   the space 10944K,  80% used [0x09150000, 0x099ea8a0, 0x099eaa00, 0x09c00000)
 Metaspace       used 1575K, capacity 2694K, committed 2752K, reserved 4480K
GC Heap History (10 events):
Event: 145328.017 GC heap before
{Heap before GC invocations=7787 (full 2):
 def new generation   total 4992K, used 4581K [0x03c00000, 0x04160000, 0x09150000)
  eden space 4480K, 100% used [0x03c00000, 0x04060000, 0x04060000)
  from space 512K,  19% used [0x04060000, 0x040796b8, 0x040e0000)
  to   space 512K,   0% used [0x040e0000, 0x040e0000, 0x04160000)
 tenured generation   total 10944K, used 8810K [0x09150000, 0x09c00000, 0x13c00000)
   the space 10944K,  80% used [0x09150000, 0x099ea8a0, 0x099eaa00, 0x09c00000)
 Metaspace       used 1575K, capacity 2694K, committed 2752K, reserved 4480K
Event: 145328.019 GC heap after
Heap after GC invocations=7788 (full 2):
 def new generation   total 4992K, used 97K [0x03c00000, 0x04160000, 0x09150000)
  eden space 4480K,   0% used [0x03c00000, 0x03c00000, 0x04060000)
  from space 512K,  19% used [0x040e0000, 0x040f8568, 0x04160000)
  to   space 512K,   0% used [0x04060000, 0x04060000, 0x040e0000)
 tenured generation   total 10944K, used 8810K [0x09150000, 0x09c00000, 0x13c00000)
   the space 10944K,  80% used [0x09150000, 0x099ea8a0, 0x099eaa00, 0x09c00000)
 Metaspace       used 1575K, capacity 2694K, committed 2752K, reserved 4480K
}
Event: 145339.360 GC heap before
{Heap before GC invocations=7788 (full 2):
 def new generation   total 4992K, used 4577K [0x03c00000, 0x04160000, 0x09150000)
  eden space 4480K, 100% used [0x03c00000, 0x04060000, 0x04060000)
  from space 512K,  19% used [0x040e0000, 0x040f8568, 0x04160000)
  to   space 512K,   0% used [0x04060000, 0x04060000, 0x040e0000)
 tenured generation   total 10944K, used 8810K [0x09150000, 0x09c00000, 0x13c00000)
   the space 10944K,  80% used [0x09150000, 0x099ea8a0, 0x099eaa00, 0x09c00000)
 Metaspace       used 1575K, capacity 2694K, committed 2752K, reserved 4480K
Event: 145339.362 GC heap after
Heap after GC invocations=7789 (full 2):
 def new generation   total 4992K, used 101K [0x03c00000, 0x04160000, 0x09150000)
  eden space 4480K,   0% used [0x03c00000, 0x03c00000, 0x04060000)
  from space 512K,  19% used [0x04060000, 0x04079410, 0x040e0000)
  to   space 512K,   0% used [0x040e0000, 0x040e0000, 0x04160000)
 tenured generation   total 10944K, used 8810K [0x09150000, 0x09c00000, 0x13c00000)
   the space 10944K,  80% used [0x09150000, 0x099ea8a0, 0x099eaa00, 0x09c00000)
 Metaspace       used 1575K, capacity 2694K, committed 2752K, reserved 4480K
}
Event: 145350.448 GC heap before
{Heap before GC invocations=7789 (full 2):
 def new generation   total 4992K, used 4581K [0x03c00000, 0x04160000, 0x09150000)
  eden space 4480K, 100% used [0x03c00000, 0x04060000, 0x04060000)
  from space 512K,  19% used [0x04060000, 0x04079410, 0x040e0000)
  to   space 512K,   0% used [0x040e0000, 0x040e0000, 0x04160000)
 tenured generation   total 10944K, used 8810K [0x09150000, 0x09c00000, 0x13c00000)
   the space 10944K,  80% used [0x09150000, 0x099ea8a0, 0x099eaa00, 0x09c00000)
 Metaspace       used 1575K, capacity 2694K, committed 2752K, reserved 4480K
Event: 145350.450 GC heap after
Heap after GC invocations=7790 (full 2):
 def new generation   total 4992K, used 101K [0x03c00000, 0x04160000, 0x09150000)
  eden space 4480K,   0% used [0x03c00000, 0x03c00000, 0x04060000)
  from space 512K,  19% used [0x040e0000, 0x040f9428, 0x04160000)
  to   space 512K,   0% used [0x04060000, 0x04060000, 0x040e0000)
 tenured generation   total 10944K, used 8810K [0x09150000, 0x09c00000, 0x13c00000)
   the space 10944K,  80% used [0x09150000, 0x099ea8a0, 0x099eaa00, 0x09c00000)
 Metaspace       used 1575K, capacity 2694K, committed 2752K, reserved 4480K
}
Event: 145361.492 GC heap before
{Heap before GC invocations=7790 (full 2):
 def new generation   total 4992K, used 4581K [0x03c00000, 0x04160000, 0x09150000)
  eden space 4480K, 100% used [0x03c00000, 0x04060000, 0x04060000)
  from space 512K,  19% used [0x040e0000, 0x040f9428, 0x04160000)
  to   space 512K,   0% used [0x04060000, 0x04060000, 0x040e0000)
 tenured generation   total 10944K, used 8810K [0x09150000, 0x09c00000, 0x13c00000)
   the space 10944K,  80% used [0x09150000, 0x099ea8a0, 0x099eaa00, 0x09c00000)
 Metaspace       used 1575K, capacity 2694K, committed 2752K, reserved 4480K
Event: 145361.493 GC heap after
Heap after GC invocations=7791 (full 2):
 def new generation   total 4992K, used 97K [0x03c00000, 0x04160000, 0x09150000)
  eden space 4480K,   0% used [0x03c00000, 0x03c00000, 0x04060000)
  from space 512K,  18% used [0x04060000, 0x04078518, 0x040e0000)
  to   space 512K,   0% used [0x040e0000, 0x040e0000, 0x04160000)
 tenured generation   total 10944K, used 8810K [0x09150000, 0x09c00000, 0x13c00000)
   the space 10944K,  80% used [0x09150000, 0x099ea8a0, 0x099eaa00, 0x09c00000)
 Metaspace       used 1575K, capacity 2694K, committed 2752K, reserved 4480K
}
Event: 145372.373 GC heap before
{Heap before GC invocations=7791 (full 2):
 def new generation   total 4992K, used 4577K [0x03c00000, 0x04160000, 0x09150000)
  eden space 4480K, 100% used [0x03c00000, 0x04060000, 0x04060000)
  from space 512K,  18% used [0x04060000, 0x04078518, 0x040e0000)
  to   space 512K,   0% used [0x040e0000, 0x040e0000, 0x04160000)
 tenured generation   total 10944K, used 8810K [0x09150000, 0x09c00000, 0x13c00000)
   the space 10944K,  80% used [0x09150000, 0x099ea8a0, 0x099eaa00, 0x09c00000)
 Metaspace       used 1575K, capacity 2694K, committed 2752K, reserved 4480K
Event: 145372.374 GC heap after
Heap after GC invocations=7792 (full 2):
 def new generation   total 4992K, used 99K [0x03c00000, 0x04160000, 0x09150000)
  eden space 4480K,   0% used [0x03c00000, 0x03c00000, 0x04060000)
  from space 512K,  19% used [0x040e0000, 0x040f8c40, 0x04160000)
  to   space 512K,   0% used [0x04060000, 0x04060000, 0x040e0000)
 tenured generation   total 10944K, used 8810K [0x09150000, 0x09c00000, 0x13c00000)
   the space 10944K,  80% used [0x09150000, 0x099ea8a0, 0x099eaa00, 0x09c00000)
 Metaspace       used 1575K, capacity 2694K, committed 2752K, reserved 4480K
}

